<?xml version="1.0" encoding="UTF-8"?>
<!-- Generated by org.testng.reporters.JUnitXMLReporter -->
<testsuite ignored="0" hostname="LAPTOP-L2HFIA4N" failures="0" tests="2" name="aboutPageSuite" time="12.253" errors="0" timestamp="2020-12-02T16:54:52 EST">
  <testcase classname="aboutPageSuite.VerifyAboutPageNavigation" name="VerifyAboutPageNavigationTest" time="0.375"/>
  <testcase classname="aboutPageSuite.VerifyAboutParagraphText" name="VerifyAboutPageNavigationTest" time="0.377"/>
</testsuite> <!-- aboutPageSuite -->
