<?xml version="1.0" encoding="UTF-8"?>
<!-- Generated by org.testng.reporters.JUnitXMLReporter -->
<testsuite ignored="0" hostname="LAPTOP-L2HFIA4N" failures="0" tests="3" name="contactPageSuite" time="25.316" errors="0" timestamp="2020-12-02T16:54:01 EST">
  <testcase classname="contactPageSuite.VerifyContactPageNavigation" name="VerifyContactPageNavigationTest" time="2.674"/>
  <testcase classname="contactPageSuite.VerifyContactPageUI" name="VerifyContactPageUITest" time="0.683"/>
  <testcase classname="contactPageSuite.VerifyValidContactUsForm" name="VerifyValidContactUsFormTest" time="4.441"/>
</testsuite> <!-- contactPageSuite -->
