<?xml version="1.0" encoding="UTF-8"?>
<!-- Generated by org.testng.reporters.JUnitXMLReporter -->
<testsuite ignored="0" hostname="LAPTOP-L2HFIA4N" failures="0" tests="8" name="homePageSuite" time="80.078" errors="0" timestamp="2020-12-02T16:53:35 EST">
  <testcase classname="homePageSuite.VerifyWebsiteURL" name="VerifyWebsiteURLTest" time="0.615"/>
  <testcase classname="homePageSuite.VerifyHomePageNavigation" name="VerifyHomePageNavigationTest" time="0.42"/>
  <testcase classname="homePageSuite.VerifyHomePageUI" name="VerifyHomePageUITest" time="0.551"/>
  <testcase classname="homePageSuite.VerifyInvalidZipCode" name="VerifyInvalidZipCodeTest" time="2.093"/>
  <testcase classname="homePageSuite.VerifyInvalidZipCode" name="VerifyInvalidZipCodeTest" time="1.813"/>
  <testcase classname="homePageSuite.VerifyInvalidZipCode" name="VerifyInvalidZipCodeTest" time="2.65"/>
  <testcase classname="homePageSuite.VerifyValidZipCode" name="VerifyValidZipCodeTest" time="9.791"/>
  <testcase classname="homePageSuite.VerifyValidZipCode" name="VerifyValidZipCodeTest" time="9.112"/>
</testsuite> <!-- homePageSuite -->
