<?xml version="1.0" encoding="UTF-8"?>
<!-- Generated by org.testng.reporters.JUnitXMLReporter -->
<testsuite ignored="0" hostname="LAPTOP-L2HFIA4N" failures="0" tests="4" name="newsPageSuite" time="38.424" errors="0" timestamp="2020-12-02T16:54:39 EST">
  <testcase classname="newsPageSuite.VerifyNewsPageNavigation" name="VerifyNewsPageNavigationTest" time="3.239"/>
  <testcase classname="newsPageSuite.VerifyNewsLink" name="VerifyNewsLinkTest" time="2.913"/>
  <testcase classname="newsPageSuite.VerifyNewsLinksOpensInNewWindow" name="VerifyNewsLinkTest" time="3.718"/>
  <testcase classname="newsPageSuite.VerifyNewsPageScrollFuntion" name="VerifyNewsPageScrollFuntionTest" time="5.299"/>
</testsuite> <!-- newsPageSuite -->
